SF:lib\models\alarm.dart
DA:80,2
DA:95,0
DA:96,0
DA:97,0
DA:98,0
DA:99,0
DA:100,0
DA:101,0
DA:102,0
DA:103,0
DA:104,0
DA:105,0
DA:106,0
DA:107,0
DA:112,0
DA:113,0
DA:114,0
DA:115,0
DA:116,0
DA:117,0
DA:118,0
DA:119,0
DA:120,0
DA:121,0
DA:122,0
DA:123,0
DA:124,0
DA:126,0
DA:127,0
DA:128,0
DA:130,0
DA:131,0
DA:132,0
DA:138,1
DA:151,1
DA:152,1
DA:153,1
DA:154,1
DA:155,1
DA:156,1
DA:157,1
DA:158,1
DA:159,1
DA:160,1
DA:161,1
DA:162,1
DA:167,6
DA:170,0
DA:171,0
DA:175,0
DA:176,0
DA:179,0
DA:180,0
DA:181,0
DA:182,0
DA:185,0
DA:189,0
DA:192,0
DA:195,0
DA:196,0
DA:197,0
DA:198,0
DA:199,0
DA:200,0
DA:201,0
DA:202,0
DA:203,0
DA:204,0
DA:207,0
DA:209,0
DA:210,0
DA:211,0
DA:212,0
DA:213,0
DA:214,0
DA:215,0
DA:216,0
DA:217,0
DA:218,0
DA:222,0
DA:224,0
DA:225,0
DA:226,0
LF:83
LH:15
end_of_record
SF:lib\screens\alarm_screen.dart
DA:16,0
DA:23,0
DA:24,0
DA:35,0
DA:37,0
DA:38,0
DA:39,0
DA:40,0
DA:43,0
DA:45,0
DA:49,0
DA:50,0
DA:54,0
DA:59,0
DA:62,0
DA:63,0
DA:64,0
DA:68,0
DA:69,0
DA:72,0
DA:74,0
DA:77,0
DA:78,0
DA:84,0
DA:86,0
DA:87,0
DA:88,0
DA:89,0
DA:90,0
DA:93,0
DA:94,0
DA:95,0
DA:98,0
DA:99,0
DA:100,0
DA:103,0
DA:105,0
DA:107,0
DA:110,0
DA:113,0
DA:114,0
DA:117,0
DA:118,0
DA:119,0
DA:120,0
DA:126,0
DA:127,0
DA:129,0
DA:131,0
DA:133,0
DA:136,0
DA:139,0
DA:142,0
DA:152,0
DA:153,0
DA:155,0
DA:157,0
DA:158,0
DA:159,0
DA:161,0
DA:162,0
DA:163,0
DA:164,0
DA:165,0
DA:169,0
DA:170,0
DA:171,0
DA:180,0
DA:181,0
DA:182,0
DA:183,0
DA:195,0
DA:196,0
DA:198,0
DA:199,0
DA:200,0
DA:201,0
DA:202,0
DA:205,0
DA:206,0
DA:207,0
DA:213,0
DA:214,0
DA:215,0
DA:217,0
DA:218,0
DA:224,0
DA:225,0
DA:234,0
DA:235,0
DA:236,0
DA:237,0
DA:248,0
DA:249,0
DA:250,0
DA:251,0
DA:252,0
DA:253,0
DA:254,0
DA:257,0
DA:259,0
DA:260,0
DA:261,0
DA:262,0
DA:263,0
DA:267,0
DA:268,0
DA:269,0
DA:273,0
DA:274,0
DA:287,0
DA:288,0
DA:289,0
DA:291,0
DA:295,0
DA:296,0
DA:297,0
DA:298,0
DA:301,0
DA:302,0
DA:303,0
DA:321,0
DA:325,0
DA:326,0
DA:327,0
DA:329,0
DA:330,0
DA:333,0
DA:334,0
DA:337,0
DA:339,0
DA:342,0
DA:343,0
DA:357,0
DA:382,0
LF:135
LH:0
end_of_record
SF:lib\services\audio_preview_service.dart
DA:17,0
DA:18,0
DA:22,0
DA:23,0
DA:28,0
DA:31,0
DA:33,0
DA:35,0
DA:39,0
DA:41,0
DA:43,0
DA:46,0
DA:47,0
DA:48,0
DA:53,0
DA:54,0
DA:55,0
DA:60,0
DA:62,0
DA:67,0
DA:69,0
DA:70,0
DA:71,0
DA:72,0
DA:75,0
DA:76,0
DA:81,0
DA:83,0
DA:85,0
DA:90,0
DA:93,0
DA:96,0
DA:97,0
DA:101,0
DA:104,0
DA:106,0
DA:108,0
DA:112,0
DA:115,0
DA:117,0
DA:119,0
DA:122,0
DA:123,0
DA:124,0
DA:129,0
DA:131,0
DA:136,0
DA:139,0
DA:140,0
DA:143,0
DA:144,0
DA:145,0
DA:146,0
DA:147,0
LF:54
LH:0
end_of_record
SF:lib\services\alarm_manager_service.dart
DA:17,0
DA:20,0
DA:21,0
DA:29,0
DA:30,0
DA:34,0
DA:35,0
DA:36,0
DA:40,0
DA:41,0
DA:42,0
DA:47,0
DA:49,0
DA:53,0
DA:54,0
DA:57,0
DA:59,0
DA:61,0
DA:62,0
DA:67,0
DA:69,0
DA:74,0
DA:75,0
DA:77,0
DA:78,0
DA:81,0
DA:82,0
DA:85,0
DA:90,0
DA:91,0
DA:93,0
DA:96,0
DA:100,0
DA:101,0
DA:103,0
DA:104,0
DA:107,0
DA:111,0
DA:112,0
DA:113,0
DA:117,0
DA:118,0
DA:119,0
DA:123,0
DA:124,0
DA:125,0
DA:127,0
DA:131,0
DA:138,0
DA:141,0
DA:142,0
DA:143,0
DA:144,0
DA:145,0
DA:148,0
DA:149,0
DA:154,0
DA:156,0
DA:157,0
DA:158,0
DA:159,0
DA:162,0
DA:172,0
DA:173,0
DA:176,0
DA:181,0
DA:184,0
DA:187,0
DA:188,0
DA:190,0
DA:194,0
LF:71
LH:0
end_of_record
SF:lib\services\alarm_service.dart
DA:15,0
DA:18,0
DA:19,0
DA:24,0
DA:26,0
DA:27,0
DA:29,0
DA:31,0
DA:32,0
DA:34,0
DA:35,0
DA:40,0
DA:42,0
DA:43,0
DA:44,0
DA:46,0
DA:48,0
DA:54,0
DA:55,0
DA:56,0
DA:57,0
DA:61,0
DA:62,0
DA:63,0
DA:65,0
DA:66,0
DA:67,0
DA:74,0
DA:75,0
DA:76,0
DA:77,0
DA:81,0
DA:82,0
DA:83,0
DA:85,0
DA:86,0
DA:87,0
DA:89,0
DA:96,0
DA:98,0
DA:99,0
DA:101,0
DA:107,0
DA:108,0
DA:109,0
DA:112,0
DA:114,0
DA:117,0
DA:118,0
DA:119,0
DA:126,0
DA:129,0
DA:130,0
LF:53
LH:0
end_of_record
SF:lib\services\alarm_scheduler_service.dart
DA:19,1
DA:22,1
DA:23,1
DA:32,0
DA:33,0
DA:36,0
DA:55,0
DA:57,0
DA:63,0
DA:65,0
DA:69,0
DA:80,0
DA:81,0
DA:84,0
DA:88,0
DA:89,0
DA:90,0
DA:91,0
DA:94,0
DA:99,0
DA:101,0
DA:102,0
DA:103,0
DA:106,0
DA:107,0
DA:108,0
DA:109,0
DA:115,0
DA:117,0
DA:118,0
DA:119,0
DA:122,0
DA:123,0
DA:124,0
DA:125,0
DA:131,0
DA:133,0
DA:134,0
DA:139,0
DA:140,0
DA:142,0
DA:143,0
DA:147,0
DA:148,0
DA:150,0
DA:152,0
DA:153,0
DA:155,0
DA:156,0
DA:157,0
DA:158,0
DA:162,0
DA:163,0
DA:165,0
DA:169,0
DA:173,0
DA:174,0
DA:178,0
DA:185,0
DA:189,0
DA:190,0
DA:191,0
DA:195,0
DA:196,0
DA:197,0
DA:205,0
DA:214,0
DA:217,0
DA:225,0
DA:246,0
DA:252,0
DA:254,0
DA:256,0
DA:261,0
DA:262,0
DA:263,0
DA:264,0
DA:265,0
DA:266,0
DA:270,0
DA:274,0
DA:275,0
DA:277,0
DA:281,0
DA:290,0
DA:293,0
DA:305,0
DA:311,0
DA:313,0
DA:315,0
DA:320,0
DA:321,0
DA:322,0
DA:323,0
DA:324,0
DA:328,0
DA:332,0
DA:334,0
DA:335,0
DA:336,0
DA:338,0
DA:342,0
DA:350,0
DA:352,0
DA:353,0
DA:355,0
DA:359,0
DA:364,0
DA:365,0
DA:367,0
DA:368,0
DA:370,0
DA:371,0
DA:376,0
DA:385,0
DA:386,0
DA:389,0
DA:391,0
DA:392,0
DA:394,0
DA:396,0
DA:397,0
DA:399,0
DA:402,0
DA:403,0
DA:405,0
DA:406,0
DA:407,0
DA:408,0
DA:409,0
DA:410,0
DA:414,0
DA:418,0
DA:419,0
DA:420,0
DA:421,0
DA:422,0
DA:423,0
DA:427,0
DA:428,0
DA:432,0
DA:433,0
DA:440,0
DA:441,0
DA:442,0
DA:446,0
DA:448,0
DA:450,0
DA:453,0
DA:456,0
DA:457,0
DA:458,0
DA:464,0
DA:465,0
DA:473,0
DA:474,0
DA:476,0
DA:480,0
DA:489,0
DA:506,0
DA:512,0
DA:517,0
DA:526,0
DA:530,0
DA:531,0
DA:532,0
DA:535,0
DA:536,0
DA:538,0
DA:540,0
DA:542,0
DA:550,0
DA:553,0
DA:556,0
LF:174
LH:3
end_of_record
SF:lib\services\alarm_monitor_service.dart
DA:14,0
DA:17,0
DA:18,0
DA:27,0
DA:28,0
DA:30,0
DA:32,0
DA:34,0
DA:37,0
DA:41,0
DA:42,0
DA:44,0
DA:45,0
DA:46,0
DA:47,0
DA:49,0
DA:53,0
DA:55,0
DA:56,0
DA:59,0
DA:61,0
DA:63,0
DA:64,0
DA:67,0
DA:70,0
DA:72,0
DA:73,0
DA:74,0
DA:83,0
DA:84,0
DA:87,0
DA:92,0
DA:94,0
DA:95,0
DA:98,0
DA:99,0
DA:100,0
DA:104,0
DA:108,0
DA:109,0
DA:110,0
DA:111,0
DA:112,0
DA:113,0
DA:116,0
DA:119,0
DA:120,0
DA:121,0
DA:125,0
DA:130,0
DA:131,0
DA:132,0
DA:140,0
DA:141,0
DA:143,0
DA:146,0
DA:151,0
DA:153,0
DA:155,0
DA:157,0
DA:158,0
DA:160,0
DA:161,0
DA:162,0
DA:164,0
DA:165,0
DA:174,0
DA:175,0
DA:180,0
DA:183,0
DA:184,0
DA:185,0
DA:189,0
DA:190,0
LF:74
LH:0
end_of_record
SF:lib\services\android_alarm_service.dart
DA:18,0
DA:21,0
DA:22,0
DA:30,0
DA:31,0
DA:34,0
DA:37,0
DA:39,0
DA:40,0
DA:44,0
DA:45,0
DA:47,0
DA:48,0
DA:49,0
DA:50,0
DA:53,0
DA:56,0
DA:61,0
DA:63,0
DA:69,0
DA:71,0
DA:74,0
DA:75,0
DA:76,0
DA:77,0
DA:78,0
DA:80,0
DA:90,0
DA:92,0
DA:93,0
DA:94,0
DA:99,0
DA:101,0
DA:102,0
DA:105,0
DA:107,0
DA:112,0
DA:114,0
DA:117,0
DA:118,0
DA:119,0
DA:122,0
DA:123,0
DA:128,0
DA:129,0
DA:132,0
DA:133,0
DA:134,0
DA:135,0
DA:136,0
DA:137,0
DA:138,0
DA:139,0
DA:140,0
DA:141,0
DA:144,0
DA:146,0
DA:152,0
DA:153,0
DA:156,0
DA:157,0
DA:159,0
DA:165,0
DA:166,0
DA:169,0
DA:170,0
DA:172,0
DA:178,0
DA:179,0
DA:182,0
DA:183,0
DA:185,0
DA:191,0
DA:194,0
DA:195,0
DA:196,0
DA:197,0
LF:77
LH:0
end_of_record
SF:lib\utils\constants.dart
DA:6,0
LF:1
LH:0
end_of_record
SF:lib\utils\time_utils.dart
DA:4,0
DA:7,1
DA:8,7
DA:12,1
DA:13,1
DA:14,1
DA:15,1
DA:16,3
DA:18,3
DA:23,1
DA:24,2
DA:27,1
DA:32,1
DA:33,2
DA:36,1
DA:41,1
DA:42,1
DA:45,2
DA:48,2
DA:51,2
DA:52,4
DA:57,2
DA:58,4
DA:63,4
DA:67,1
DA:68,1
DA:70,1
DA:74,1
DA:75,2
DA:77,1
DA:78,1
DA:79,1
DA:80,1
DA:82,1
DA:87,1
DA:88,1
DA:89,0
DA:92,1
DA:93,1
DA:94,1
DA:96,1
DA:97,0
DA:98,1
DA:101,1
DA:106,1
DA:117,1
DA:118,1
DA:120,1
DA:124,1
DA:125,1
DA:129,1
DA:130,1
DA:134,1
DA:135,1
DA:139,1
DA:140,6
DA:144,1
DA:145,1
DA:150,3
DA:151,1
DA:152,1
DA:155,1
DA:156,4
DA:157,1
DA:163,2
DA:164,2
DA:165,1
DA:166,2
DA:167,4
LF:69
LH:66
end_of_record
